
> @website/crepes_nikolahristov_tech@0.0.1 prepublishOnly D:\Developer\Application\CrepesJS\Website
> astro build

[31mWebSocket server error: Port is already in use[39m
00:08:31 [build] output: "static"
00:08:31 [build] directory: D:\Developer\Application\CrepesJS\Website\Target\
00:08:31 [build] Collecting build info...
00:08:31 [build] ✓ Completed in 402ms.
00:08:31 [build] Building static entrypoints...
00:08:38 [vite] [32m✓ built in 6.02s[39m
00:08:38 [build] ✓ Completed in 6.11s.

 building client (vite) 
00:08:38 [vite] transforming...
00:08:40 [vite] [32m✓[39m 25 modules transformed.
00:08:40 [vite] rendering chunks...
[plugin astro:prefetch] Sourcemap is likely to be incorrect: a plugin (astro:prefetch) was used to transform files, but didn't generate a sourcemap for the transformation. Consult the plugin documentation for help
[plugin astro:transitions] Sourcemap is likely to be incorrect: a plugin (astro:transitions) was used to transform files, but didn't generate a sourcemap for the transformation. Consult the plugin documentation for help
00:08:41 [vite] computing gzip size...
00:08:41 [vite] [2mTarget/[22m[36m_astro/Base.astro_astro_type_script_index_0_lang.BL3TD6oN.js             [39m[1m[2m 1.46 kB[22m[1m[22m[2m │ gzip: 0.92 kB[22m[2m │ map:   0.79 kB[22m
00:08:41 [vite] [2mTarget/[22m[36m_astro/page.CY1iZwUD.js                                                  [39m[1m[2m 2.11 kB[22m[1m[22m[2m │ gzip: 1.07 kB[22m[2m │ map:   8.11 kB[22m
00:08:41 [vite] [2mTarget/[22m[36m_astro/ViewTransitions.astro_astro_type_script_index_0_lang.DnFK6dK7.js  [39m[1m[2m13.11 kB[22m[1m[22m[2m │ gzip: 4.62 kB[22m[2m │ map:  35.23 kB[22m
00:08:41 [vite] [2mTarget/[22m[36m_astro/index.esm.CDbocLk8.js                                             [39m[1m[2m39.52 kB[22m[1m[22m[2m │ gzip: 9.33 kB[22m[2m │ map: 197.07 kB[22m
00:08:41 [vite] [32m✓ built in 3.12s[39m

 generating static routes 
00:08:41 ▶ Source/pages/index.astro
00:08:41   └─ /index.html (+100ms)
00:08:41 ✓ Completed in 122ms.

00:08:41 [@astrojs/sitemap] `sitemap-index.xml` created at `Target`
Successfully inlined a total of 1 HTML file.
Successfully formatted a total of 4 JavaScript and TypeScript files.

 Compress 
✓ Successfully compressed a total of 1 CSS file for 65 Bytes.
✓ Successfully compressed a total of 1 HTML file for 277 Bytes.
00:08:46 [build] Waiting for integration "@playform/compress", hook "astro:build:done"...
✓ Successfully compressed a total of 3 JavaScript files for 24.54 KB.
✓ Successfully compressed a total of 1 SVG file for 88 Bytes.
00:08:48 [build] 1 page(s) built in 16.63s
00:08:48 [build] Complete!
